<?xml version="1.0" encoding="UTF-8"?>
<!-- Created on 15.03.2010 Dimensions - Versionierung $Workfile: %PM% $ $Revision: %PR% $ $Date: %Date% $ $Author: %Author% $ (c) Copyright SV Informatik GmbH 2010 -->

<beans xmlns="http://www.springframework.org/schema/beans" xmlns:xsi="http://www.w3.org/2001/XMLSchema-instance" xmlns:jee="http://www.springframework.org/schema/jee"
	xmlns:aop="http://www.springframework.org/schema/aop" xmlns:tx="http://www.springframework.org/schema/tx" xmlns:p="http://www.springframework.org/schema/p"
	xmlns:context="http://www.springframework.org/schema/context" xmlns:bdef="http://svi.de/springsupport/service"
	xsi:schemaLocation="
     http://www.springframework.org/schema/beans 
     http://www.springframework.org/schema/beans/spring-beans.xsd 
     http://www.springframework.org/schema/context 
     http://www.springframework.org/schema/context/spring-context.xsd 
     http://www.springframework.org/schema/jee 
     http://www.springframework.org/schema/jee/spring-jee.xsd 
     http://www.springframework.org/schema/tx 
     http://www.springframework.org/schema/tx/spring-tx.xsd 
     http://www.springframework.org/schema/aop 
     http://www.springframework.org/schema/aop/spring-aop.xsd
     http://svi.de/springsupport/service
     http://svi.de/springsupport/service/servicedefbean.xsd">


	<!-- Spring-WS Webservice Definitionen, um die ICIS-API Webservices aufrufen zu koennen -->
	<bean id="adbmarshaller" class="org.springframework.oxm.jaxb.Jaxb2Marshaller"
		p:contextPath="de.svi.svis3g.integration.adb.angebot:de.svi.svis3g.integration.adb.pos" />
	
	<bean id="kompositposmarshaller" class="org.springframework.oxm.jaxb.Jaxb2Marshaller" 
	  p:contextPath="de.svi.svis3g.integration.adb.angebot:de.svi.svis3g.integration.adb.pos" />
	
	<bean id="direktionmarshaller" class="org.springframework.oxm.jaxb.Jaxb2Marshaller" p:contextPath="de.svi.svis3g.integration.icis.firmen" />
	
	<bean id="postkorbmarshaller" class="org.springframework.oxm.jaxb.Jaxb2Marshaller" p:contextPath="de.svi.svis3g.integration.postkorb.archiv:de.svi.svis3g.integration.adb.angebot:de.svi.svis3g.integration.icis" />
	
	<bean id="postkorbp8marshaller" class="org.springframework.oxm.jaxb.Jaxb2Marshaller" p:contextPath="de.svi.svis3g.integration.postkorb.archiv.p8:de.svi.svis3g.integration.adb.angebot:de.svi.svis3g.integration.icis" />

	<bean id="svisSoapMessageFactory" class="org.springframework.ws.soap.saaj.SaajSoapMessageFactory" />
	
	<bean id="svisSoapMessageFactory" class="org.springframework.ws.soap.saaj.SoapMessageFactory" />
	
	<bean id="webServiceTemplate" class="org.springframework.ws.client.core.WebServiceTemplate">
		<constructor-arg ref="svisSoapMessageFactory" />
		<property name="defaultUri" value="${env.icis.webservice.SaveAddress}" />
		<property name="unmarshaller" ref="adbmarshaller" />
	</bean>

	
  
    
</beans>
