<?xml version="1.0" encoding="UTF-8" ?>
<testsuite tests="2" failures="0" name="de.any.crawl.JarReaderTest" time="0" errors="2" skipped="0">
  <properties>
    <property name="java.runtime.name" value="Java(TM) SE Runtime Environment"/>
    <property name="sun.boot.library.path" value="C:\Users\Manfred\JavaShit\Java_jdk\1.8.144\jre\bin"/>
    <property name="java.vm.version" value="25.144-b01"/>
    <property name="user.country.format" value="US"/>
    <property name="java.vm.vendor" value="Oracle Corporation"/>
    <property name="maven.multiModuleProjectDirectory" value="C:\Users\Manfred\JavaShit\eclipseNeonEE_workspace\TestBusiness2"/>
    <property name="java.vendor.url" value="http://java.oracle.com/"/>
    <property name="path.separator" value=";"/>
    <property name="guice.disable.misplaced.annotation.check" value="true"/>
    <property name="java.vm.name" value="Java HotSpot(TM) 64-Bit Server VM"/>
    <property name="file.encoding.pkg" value="sun.io"/>
    <property name="user.script" value=""/>
    <property name="user.country" value="DE"/>
    <property name="sun.java.launcher" value="SUN_STANDARD"/>
    <property name="sun.os.patch.level" value="Service Pack 1"/>
    <property name="java.vm.specification.name" value="Java Virtual Machine Specification"/>
    <property name="user.dir" value="C:\Users\Manfred\JavaShit\eclipseNeonEE_workspace\TestBusiness2"/>
    <property name="java.runtime.version" value="1.8.0_144-b01"/>
    <property name="java.awt.graphicsenv" value="sun.awt.Win32GraphicsEnvironment"/>
    <property name="java.endorsed.dirs" value="C:\Users\Manfred\JavaShit\Java_jdk\1.8.144\jre\lib\endorsed"/>
    <property name="os.arch" value="amd64"/>
    <property name="java.io.tmpdir" value="C:\Users\Manfred\AppData\Local\Temp\"/>
    <property name="line.separator" value="
"/>
    <property name="java.vm.specification.vendor" value="Oracle Corporation"/>
    <property name="user.variant" value=""/>
    <property name="os.name" value="Windows 7"/>
    <property name="classworlds.conf" value="C:\Users\Manfred\JavaShit\eclipseNeonEE_workspace\.metadata\.plugins\org.eclipse.m2e.launching\launches\m2conf3940594153190002563.tmp"/>
    <property name="sun.jnu.encoding" value="Cp1252"/>
    <property name="java.library.path" value="C:\Users\Manfred\JavaShit\Java_jdk\1.8.144\jre\bin;C:\Windows\Sun\Java\bin;C:\Windows\system32;C:\Windows;C:/Program Files/Java/jre1.8.0_171/bin/server;C:/Program Files/Java/jre1.8.0_171/bin;C:/Program Files/Java/jre1.8.0_171/lib/amd64;C:\oraclexe\app\oracle\product\11.2.0\server\bin;;C:\Program Files (x86)\Common Files\Oracle\Java\javapath;C:\ProgramData\Oracle\Java\javapath;C:\Windows\system32;C:\Windows;C:\Windows\System32\Wbem;C:\Windows\System32\WindowsPowerShell\v1.0\;C:\Program Files (x86)\runtime\win64;C:\Program Files (x86)\Intel\OpenCL SDK\2.0\bin\x86;C:\Program Files (x86)\Intel\OpenCL SDK\2.0\bin\x64;C:\Program Files (x86)\bin;C:\Program Files (x86)\polyspace\bin;C:\Program Files (x86)\texlive2016\bin\win32;C:\Program Files (x86)\Skype\Phone\;C:\Program Files\MySQL\MySQL Utilities 1.6\;C:\Users\Manfred\JavaShit\git\Git\cmd;C:\Users\Manfred\JavaShit\node-js\;C:\Users\Manfred\JavaShit\vim\VimInstallation\vim80;C:\Users\Manfred\AppData\Roaming\npm;C:\cygwin64\bin;C:\Users\Manfred\JavaShit\maven\apache-maven-3.5.2\bin;C:\Users\Manfred\JavaShit\Java_jdk\1.8.144\bin;C:\Users\Manfred\JavaShit\Sublime-Text-3\editor;C:\Users\Manfred\JavaShit\Microsoft-VS-Code\bin;C:\Users\Manfred\JavaShit\gradle-4.6\bin;C:\Programme\Inkscape;C:\Users\Manfred\JavaShit\poppler-0.51\bin;C:\Users\Manfred\JavaShit\pdf-sam\sejda-console-3.2.50\bin;C:\ProgramData\Oracle\Java\javapath;C:\Windows\system32;C:\Windows;C:\Windows\System32\Wbem;C:\Windows\System32\WindowsPowerShell\v1.0\;C:\Program Files (x86)\runtime\win64;C:\Program Files (x86)\Intel\OpenCL SDK\2.0\bin\x86;C:\Program Files (x86)\Intel\OpenCL SDK\2.0\bin\x64;C:\Program Files (x86)\bin;C:\Program Files (x86)\polyspace\bin;C:\Program Files (x86)\texlive2016\bin\win32;C:\Program Files (x86)\Skype\Phone\;C:\Program Files\MySQL\MySQL Utilities 1.6\;C:\Users\Manfred\JavaShit\git\Git\cmd;C:\Users\Manfred\JavaShit\node-js\;C:\ProgramData\Oracle\Java\javapath;C:\Windows\system32;C:\Windows;C:\Windows\System32\Wbem;C:\Windows\System32\WindowsPowerShell\v1.0\;C:\Program Files (x86)\runtime\win64;C:\Program Files (x86)\Intel\OpenCL SDK\2.0\bin\x86;C:\Program Files (x86)\Intel\OpenCL SDK\2.0\bin\x64;C:\Program Files (x86)\bin;C:\Program Files (x86)\polyspace\bin;C:\Program Files (x86)\texlive2016\bin\win32;C:\Program Files (x86)\Skype\Phone\;C:\Program Files\MySQL\MySQL Utilities 1.6\;C:\Users\Manfred\Ja;C:\Users\Manfred\JavaShit\eclipseNeonEE;;."/>
    <property name="java.specification.name" value="Java Platform API Specification"/>
    <property name="java.class.version" value="52.0"/>
    <property name="sun.management.compiler" value="HotSpot 64-Bit Tiered Compilers"/>
    <property name="os.version" value="6.1"/>
    <property name="user.home" value="C:\Users\Manfred"/>
    <property name="user.timezone" value="Europe/Berlin"/>
    <property name="java.awt.printerjob" value="sun.awt.windows.WPrinterJob"/>
    <property name="java.specification.version" value="1.8"/>
    <property name="file.encoding" value="Cp1252"/>
    <property name="user.name" value="Manfred"/>
    <property name="java.class.path" value="/C:/Users/Manfred/JavaShit/eclipseNeonEE/plugins/org.eclipse.m2e.maven.runtime_1.7.0.20160603-1931/jars/plexus-classworlds-2.5.2.jar"/>
    <property name="java.vm.specification.version" value="1.8"/>
    <property name="sun.arch.data.model" value="64"/>
    <property name="java.home" value="C:\Users\Manfred\JavaShit\Java_jdk\1.8.144\jre"/>
    <property name="sun.java.command" value="org.codehaus.plexus.classworlds.launcher.Launcher -B clean install"/>
    <property name="java.specification.vendor" value="Oracle Corporation"/>
    <property name="user.language" value="de"/>
    <property name="user.language.format" value="en"/>
    <property name="awt.toolkit" value="sun.awt.windows.WToolkit"/>
    <property name="java.vm.info" value="mixed mode"/>
    <property name="java.version" value="1.8.0_144"/>
    <property name="java.ext.dirs" value="C:\Users\Manfred\JavaShit\Java_jdk\1.8.144\jre\lib\ext;C:\Windows\Sun\Java\lib\ext"/>
    <property name="sun.boot.class.path" value="C:\Users\Manfred\JavaShit\Java_jdk\1.8.144\jre\lib\resources.jar;C:\Users\Manfred\JavaShit\Java_jdk\1.8.144\jre\lib\rt.jar;C:\Users\Manfred\JavaShit\Java_jdk\1.8.144\jre\lib\sunrsasign.jar;C:\Users\Manfred\JavaShit\Java_jdk\1.8.144\jre\lib\jsse.jar;C:\Users\Manfred\JavaShit\Java_jdk\1.8.144\jre\lib\jce.jar;C:\Users\Manfred\JavaShit\Java_jdk\1.8.144\jre\lib\charsets.jar;C:\Users\Manfred\JavaShit\Java_jdk\1.8.144\jre\lib\jfr.jar;C:\Users\Manfred\JavaShit\Java_jdk\1.8.144\jre\classes"/>
    <property name="java.vendor" value="Oracle Corporation"/>
    <property name="maven.home" value="C:\Users\Manfred\JavaShit\eclipseNeonEE_workspace\TestBusiness2\EMBEDDED"/>
    <property name="file.separator" value="\"/>
    <property name="java.vendor.url.bug" value="http://bugreport.sun.com/bugreport/"/>
    <property name="sun.cpu.endian" value="little"/>
    <property name="sun.io.unicode.encoding" value="UnicodeLittle"/>
    <property name="sun.desktop" value="windows"/>
    <property name="sun.cpu.isalist" value="amd64"/>
  </properties>
  <testcase classname="de.any.crawl.JarReaderTest" name="findXmlFiles" time="0">
    <error message="unable to load jar : B:\MavenRepo\de\svi\svis3g\SVIS3GPersistenceIcis\3.17.0-SNAPSHOT\SVIS3GPersistenceIcis-3.17.0-SNAPSHOT.jar" type="java.lang.RuntimeException">java.lang.RuntimeException: unable to load jar : B:\MavenRepo\de\svi\svis3g\SVIS3GPersistenceIcis\3.17.0-SNAPSHOT\SVIS3GPersistenceIcis-3.17.0-SNAPSHOT.jar
	at de.any.crawl.JarReader.readJarContent(JarReader.java:59)
	at de.any.crawl.JarReader.findXmlFiles(JarReader.java:46)
	at de.any.crawl.JarReaderTest.findXmlFiles(JarReaderTest.java:40)
	at sun.reflect.NativeMethodAccessorImpl.invoke0(Native Method)
	at sun.reflect.NativeMethodAccessorImpl.invoke(NativeMethodAccessorImpl.java:62)
	at sun.reflect.DelegatingMethodAccessorImpl.invoke(DelegatingMethodAccessorImpl.java:43)
	at java.lang.reflect.Method.invoke(Method.java:498)
	at org.junit.runners.model.FrameworkMethod$1.runReflectiveCall(FrameworkMethod.java:45)
	at org.junit.internal.runners.model.ReflectiveCallable.run(ReflectiveCallable.java:15)
	at org.junit.runners.model.FrameworkMethod.invokeExplosively(FrameworkMethod.java:42)
	at org.junit.internal.runners.statements.InvokeMethod.evaluate(InvokeMethod.java:20)
	at org.junit.runners.ParentRunner.runLeaf(ParentRunner.java:263)
	at org.junit.runners.BlockJUnit4ClassRunner.runChild(BlockJUnit4ClassRunner.java:68)
	at org.junit.runners.BlockJUnit4ClassRunner.runChild(BlockJUnit4ClassRunner.java:47)
	at org.junit.runners.ParentRunner$3.run(ParentRunner.java:231)
	at org.junit.runners.ParentRunner$1.schedule(ParentRunner.java:60)
	at org.junit.runners.ParentRunner.runChildren(ParentRunner.java:229)
	at org.junit.runners.ParentRunner.access$000(ParentRunner.java:50)
	at org.junit.runners.ParentRunner$2.evaluate(ParentRunner.java:222)
	at org.junit.runners.ParentRunner.run(ParentRunner.java:300)
	at org.apache.maven.surefire.junit4.JUnit4Provider.execute(JUnit4Provider.java:252)
	at org.apache.maven.surefire.junit4.JUnit4Provider.executeTestSet(JUnit4Provider.java:141)
	at org.apache.maven.surefire.junit4.JUnit4Provider.invoke(JUnit4Provider.java:112)
	at sun.reflect.NativeMethodAccessorImpl.invoke0(Native Method)
	at sun.reflect.NativeMethodAccessorImpl.invoke(NativeMethodAccessorImpl.java:62)
	at sun.reflect.DelegatingMethodAccessorImpl.invoke(DelegatingMethodAccessorImpl.java:43)
	at java.lang.reflect.Method.invoke(Method.java:498)
	at org.apache.maven.surefire.util.ReflectionUtils.invokeMethodWithArray(ReflectionUtils.java:189)
	at org.apache.maven.surefire.booter.ProviderFactory$ProviderProxy.invoke(ProviderFactory.java:165)
	at org.apache.maven.surefire.booter.ProviderFactory.invokeProvider(ProviderFactory.java:85)
	at org.apache.maven.surefire.booter.ForkedBooter.runSuitesInProcess(ForkedBooter.java:115)
	at org.apache.maven.surefire.booter.ForkedBooter.main(ForkedBooter.java:75)
Caused by: java.io.FileNotFoundException: B:\MavenRepo\de\svi\svis3g\SVIS3GPersistenceIcis\3.17.0-SNAPSHOT\SVIS3GPersistenceIcis-3.17.0-SNAPSHOT.jar (Das System kann den angegebenen Pfad nicht finden)
	at java.util.zip.ZipFile.open(Native Method)
	at java.util.zip.ZipFile.&lt;init&gt;(ZipFile.java:225)
	at java.util.zip.ZipFile.&lt;init&gt;(ZipFile.java:155)
	at java.util.jar.JarFile.&lt;init&gt;(JarFile.java:166)
	at java.util.jar.JarFile.&lt;init&gt;(JarFile.java:103)
	at de.any.crawl.JarReader.readJarContent(JarReader.java:55)
	... 31 more
</error>
  </testcase>
  <testcase classname="de.any.crawl.JarReaderTest" name="getJarContent" time="0">
    <error message="unable to load jar : B:\MavenRepo\de\svi\svis3g\SVIS3GPersistenceIcis\3.17.0-SNAPSHOT\SVIS3GPersistenceIcis-3.17.0-SNAPSHOT.jar" type="java.lang.RuntimeException">java.lang.RuntimeException: unable to load jar : B:\MavenRepo\de\svi\svis3g\SVIS3GPersistenceIcis\3.17.0-SNAPSHOT\SVIS3GPersistenceIcis-3.17.0-SNAPSHOT.jar
	at de.any.crawl.JarReader.readJarContent(JarReader.java:59)
	at de.any.crawl.JarReaderTest.getJarContent(JarReaderTest.java:52)
	at sun.reflect.NativeMethodAccessorImpl.invoke0(Native Method)
	at sun.reflect.NativeMethodAccessorImpl.invoke(NativeMethodAccessorImpl.java:62)
	at sun.reflect.DelegatingMethodAccessorImpl.invoke(DelegatingMethodAccessorImpl.java:43)
	at java.lang.reflect.Method.invoke(Method.java:498)
	at org.junit.runners.model.FrameworkMethod$1.runReflectiveCall(FrameworkMethod.java:45)
	at org.junit.internal.runners.model.ReflectiveCallable.run(ReflectiveCallable.java:15)
	at org.junit.runners.model.FrameworkMethod.invokeExplosively(FrameworkMethod.java:42)
	at org.junit.internal.runners.statements.InvokeMethod.evaluate(InvokeMethod.java:20)
	at org.junit.runners.ParentRunner.runLeaf(ParentRunner.java:263)
	at org.junit.runners.BlockJUnit4ClassRunner.runChild(BlockJUnit4ClassRunner.java:68)
	at org.junit.runners.BlockJUnit4ClassRunner.runChild(BlockJUnit4ClassRunner.java:47)
	at org.junit.runners.ParentRunner$3.run(ParentRunner.java:231)
	at org.junit.runners.ParentRunner$1.schedule(ParentRunner.java:60)
	at org.junit.runners.ParentRunner.runChildren(ParentRunner.java:229)
	at org.junit.runners.ParentRunner.access$000(ParentRunner.java:50)
	at org.junit.runners.ParentRunner$2.evaluate(ParentRunner.java:222)
	at org.junit.runners.ParentRunner.run(ParentRunner.java:300)
	at org.apache.maven.surefire.junit4.JUnit4Provider.execute(JUnit4Provider.java:252)
	at org.apache.maven.surefire.junit4.JUnit4Provider.executeTestSet(JUnit4Provider.java:141)
	at org.apache.maven.surefire.junit4.JUnit4Provider.invoke(JUnit4Provider.java:112)
	at sun.reflect.NativeMethodAccessorImpl.invoke0(Native Method)
	at sun.reflect.NativeMethodAccessorImpl.invoke(NativeMethodAccessorImpl.java:62)
	at sun.reflect.DelegatingMethodAccessorImpl.invoke(DelegatingMethodAccessorImpl.java:43)
	at java.lang.reflect.Method.invoke(Method.java:498)
	at org.apache.maven.surefire.util.ReflectionUtils.invokeMethodWithArray(ReflectionUtils.java:189)
	at org.apache.maven.surefire.booter.ProviderFactory$ProviderProxy.invoke(ProviderFactory.java:165)
	at org.apache.maven.surefire.booter.ProviderFactory.invokeProvider(ProviderFactory.java:85)
	at org.apache.maven.surefire.booter.ForkedBooter.runSuitesInProcess(ForkedBooter.java:115)
	at org.apache.maven.surefire.booter.ForkedBooter.main(ForkedBooter.java:75)
Caused by: java.io.FileNotFoundException: B:\MavenRepo\de\svi\svis3g\SVIS3GPersistenceIcis\3.17.0-SNAPSHOT\SVIS3GPersistenceIcis-3.17.0-SNAPSHOT.jar (Das System kann den angegebenen Pfad nicht finden)
	at java.util.zip.ZipFile.open(Native Method)
	at java.util.zip.ZipFile.&lt;init&gt;(ZipFile.java:225)
	at java.util.zip.ZipFile.&lt;init&gt;(ZipFile.java:155)
	at java.util.jar.JarFile.&lt;init&gt;(JarFile.java:166)
	at java.util.jar.JarFile.&lt;init&gt;(JarFile.java:103)
	at de.any.crawl.JarReader.readJarContent(JarReader.java:55)
	... 30 more
</error>
  </testcase>
</testsuite>